<?xml version="1.0" encoding="UTF-8"?>
<!-- Generated by org.testng.reporters.JUnitXMLReporter -->
<testsuite hostname="DESKTOP-6OGNLB6" ignored="0" name="Multiple1" tests="4" failures="0" timestamp="29 Sep 2018 02:03:39 GMT" time="14.133" errors="0">
  <testcase name="f" time="0.002" classname="test.MultipleTest"/>
  <testcase name="logOut" time="0.004" classname="test.MultipleTest"/>
  <testcase name="setup" time="0.003" classname="test.MultipleTest"/>
  <testcase name="verifyText" time="0.098" classname="test.VerifyText"/>
</testsuite> <!-- Multiple1 -->
